[INFO] Scanning for projects...
[INFO] 
[INFO] ---------------------< com.common.sdk:common_sdk >----------------------
[INFO] Building Common SDK 0.0.1-SNAPSHOT
[INFO]   from pom.xml
[INFO] --------------------------------[ jar ]---------------------------------
[INFO] 
[INFO] --- resources:3.3.1:resources (default-resources) @ common_sdk ---
[INFO] Copying 1 resource from src\main\resources to target\classes
[INFO] Copying 0 resource from src\main\resources to target\classes
[INFO] 
[INFO] --- compiler:3.14.1:compile (default-compile) @ common_sdk ---
[INFO] Nothing to compile - all classes are up to date.
[INFO] 
[INFO] --- resources:3.3.1:testResources (default-testResources) @ common_sdk ---
[INFO] skip non existing resourceDirectory D:\WORKSPACE\SPRING_WORKSPACE\common_sdk\src\test\resources
[INFO] 
[INFO] --- compiler:3.14.1:testCompile (default-testCompile) @ common_sdk ---
[INFO] Nothing to compile - all classes are up to date.
[INFO] 
[INFO] --- surefire:3.5.4:test (default-test) @ common_sdk ---
[INFO] Tests are skipped.
[INFO] 
[INFO] --- jar:3.4.2:jar (default-jar) @ common_sdk ---
[INFO] 
[INFO] --- install:3.1.4:install (default-install) @ common_sdk ---
[INFO] Installing D:\WORKSPACE\SPRING_WORKSPACE\common_sdk\pom.xml to C:\Users\prabh\.m2\repository\com\common\sdk\common_sdk\0.0.1-SNAPSHOT\common_sdk-0.0.1-SNAPSHOT.pom
[INFO] Installing D:\WORKSPACE\SPRING_WORKSPACE\common_sdk\target\common_sdk-0.0.1-SNAPSHOT.jar to C:\Users\prabh\.m2\repository\com\common\sdk\common_sdk\0.0.1-SNAPSHOT\common_sdk-0.0.1-SNAPSHOT.jar
[INFO] 
[INFO] --- deploy:3.1.4:deploy (default-deploy) @ common_sdk ---
Downloading from github: https://maven.pkg.github.com/1prabhakarpal/common_sdk/com/common/sdk/common_sdk/0.0.1-SNAPSHOT/maven-metadata.xml
[WARNING] Could not transfer metadata com.common.sdk:common_sdk:0.0.1-SNAPSHOT/maven-metadata.xml from/to github (https://maven.pkg.github.com/1prabhakarpal/common_sdk): status code: 401, reason phrase: Unauthorized (401)
[INFO] ------------------------------------------------------------------------
[INFO] BUILD FAILURE
[INFO] ------------------------------------------------------------------------
[INFO] Total time:  2.581 s
[INFO] Finished at: 2025-11-26T20:49:07+05:30
[INFO] ------------------------------------------------------------------------
[ERROR] Failed to execute goal org.apache.maven.plugins:maven-deploy-plugin:3.1.4:deploy (default-deploy) on project common_sdk: Failed to retrieve remote metadata com.common.sdk:common_sdk:0.0.1-SNAPSHOT/maven-metadata.xml: Could not transfer metadata com.common.sdk:common_sdk:0.0.1-SNAPSHOT/maven-metadata.xml from/to github (https://maven.pkg.github.com/1prabhakarpal/common_sdk): status code: 401, reason phrase: Unauthorized (401) -> [Help 1]
[ERROR] 
[ERROR] To see the full stack trace of the errors, re-run Maven with the -e switch.
[ERROR] Re-run Maven using the -X switch to enable full debug logging.
[ERROR] 
[ERROR] For more information about the errors and possible solutions, please read the following articles:
[ERROR] [Help 1] http://cwiki.apache.org/confluence/display/MAVEN/MojoExecutionException
